<?xml version="1.0" encoding="UTF-8"?>
<testsuite xmlns:xsi="http://www.w3.org/2001/XMLSchema-instance" xsi:noNamespaceSchemaLocation="https://maven.apache.org/surefire/maven-surefire-plugin/xsd/surefire-test-report.xsd" name="TestSuite" time="5.365" tests="3" errors="0" skipped="1" failures="1">
  <properties>
[...]
</properties>
  <testcase name="springTestContextBeforeTestMethod" classname="com.scrm.why1139.service.UserServiceTest" time="4.658">
    <failure message="Cannot start new transaction without ending existing transaction" type="java.lang.IllegalStateException">java.lang.IllegalStateException: Cannot start new transaction without ending existing transaction
</failure>
    <system-out><![CDATA[08:52:08.405 [main] DEBUG org.springframework.test.context.BootstrapUtils - Instantiating CacheAwareContextLoaderDelegate from class [org.springframework.test.context.cache.DefaultCacheAwareContextLoaderDelegate]
08:52:08.419 [main] DEBUG org.springframework.test.context.BootstrapUtils - Instantiating BootstrapContext using constructor [public org.springframework.test.context.support.DefaultBootstrapContext(java.lang.Class,org.springframework.test.context.CacheAwareContextLoaderDelegate)]
08:52:08.447 [main] DEBUG org.springframework.test.context.BootstrapUtils - Instantiating TestContextBootstrapper for test class [com.scrm.why1139.service.UserServiceTest] from class [org.springframework.boot.test.context.SpringBootTestContextBootstrapper]
08:52:08.458 [main] INFO org.springframework.boot.test.context.SpringBootTestContextBootstrapper - Neither @ContextConfiguration nor @ContextHierarchy found for test class [com.scrm.why1139.service.UserServiceTest], using SpringBootContextLoader
08:52:08.461 [main] DEBUG org.springframework.test.context.support.AbstractContextLoader - Did not detect default resource location for test class [com.scrm.why1139.service.UserServiceTest]: class path resource [com/scrm/why1139/service/UserServiceTest-context.xml] does not exist
08:52:08.462 [main] DEBUG org.springframework.test.context.support.AbstractContextLoader - Did not detect default resource location for test class [com.scrm.why1139.service.UserServiceTest]: class path resource [com/scrm/why1139/service/UserServiceTestContext.groovy] does not exist
08:52:08.462 [main] INFO org.springframework.test.context.support.AbstractContextLoader - Could not detect default resource locations for test class [com.scrm.why1139.service.UserServiceTest]: no resource found for suffixes {-context.xml, Context.groovy}.
08:52:08.463 [main] INFO org.springframework.test.context.support.AnnotationConfigContextLoaderUtils - Could not detect default configuration classes for test class [com.scrm.why1139.service.UserServiceTest]: UserServiceTest does not declare any static, non-private, non-final, nested classes annotated with @Configuration.
08:52:08.512 [main] DEBUG org.springframework.test.context.support.ActiveProfilesUtils - Could not find an 'annotation declaring class' for annotation type [org.springframework.test.context.ActiveProfiles] and class [com.scrm.why1139.service.UserServiceTest]
08:52:08.585 [main] DEBUG org.springframework.context.annotation.ClassPathScanningCandidateComponentProvider - Identified candidate component class: file [/Users/why/Documents/GitHub/SCRM-Social_Retail_based_on_Face_Recognition/CodeManage/back-end/web-application/target/classes/com/scrm/why1139/WebApplication.class]
08:52:08.587 [main] INFO org.springframework.boot.test.context.SpringBootTestContextBootstrapper - Found @SpringBootConfiguration com.scrm.why1139.WebApplication for test class com.scrm.why1139.service.UserServiceTest
08:52:08.667 [main] INFO org.springframework.boot.test.context.SpringBootTestContextBootstrapper - Using TestExecutionListeners: [org.springframework.test.context.web.ServletTestExecutionListener@602e0143, org.springframework.test.context.support.DirtiesContextBeforeModesTestExecutionListener@2c07545f, org.springframework.test.context.support.DependencyInjectionTestExecutionListener@e57b96d, org.springframework.test.context.support.DirtiesContextTestExecutionListener@32c726ee, org.springframework.test.context.transaction.TransactionalTestExecutionListener@22f31dec, org.springframework.test.context.jdbc.SqlScriptsTestExecutionListener@34c01041, org.springframework.test.context.support.DependencyInjectionTestExecutionListener@76f4b65, org.springframework.test.context.support.DirtiesContextTestExecutionListener@c94fd30, org.springframework.test.context.transaction.TransactionalTestExecutionListener@36328d33, org.springframework.test.context.jdbc.SqlScriptsTestExecutionListener@2c4d1ac]
08:52:08.727 [main] DEBUG org.springframework.test.context.support.AbstractDirtiesContextTestExecutionListener - Before test class: context [DefaultTestContext@6d3c5255 testClass = UserServiceTest, testInstance = [null], testMethod = [null], testException = [null], mergedContextConfiguration = [WebMergedContextConfiguration@b1712f3 testClass = UserServiceTest, locations = '{}', classes = '{class com.scrm.why1139.WebApplication}', contextInitializerClasses = '[]', activeProfiles = '{}', propertySourceLocations = '{}', propertySourceProperties = '{org.springframework.boot.test.context.SpringBootTestContextBootstrapper=true}', contextCustomizers = set[org.springframework.boot.test.context.filter.ExcludeFilterContextCustomizer@4d154ccd, org.springframework.boot.test.json.DuplicateJsonObjectContextCustomizerFactory$DuplicateJsonObjectContextCustomizer@1e0b4072, org.springframework.boot.test.mock.mockito.MockitoContextCustomizer@0, org.springframework.boot.test.web.client.TestRestTemplateContextCustomizer@54c5a2ff, org.springframework.boot.test.autoconfigure.properties.PropertyMappingContextCustomizer@0, org.springframework.boot.test.autoconfigure.web.servlet.WebDriverContextCustomizerFactory$Customizer@3b0fe47a], resourceBasePath = 'src/main/webapp', contextLoader = 'org.springframework.boot.test.context.SpringBootContextLoader', parent = [null]], attributes = map['org.springframework.test.context.web.ServletTestExecutionListener.activateListener' -> true]], class annotated with @DirtiesContext [false] with mode [null].
08:52:08.747 [main] DEBUG org.springframework.test.context.support.TestPropertySourceUtils - Adding inlined properties to environment: {spring.jmx.enabled=false, org.springframework.boot.test.context.SpringBootTestContextBootstrapper=true, server.port=-1}

  .   ____          _            __ _ _
 /\\ / ___'_ __ _ _(_)_ __  __ _ \ \ \ \
( ( )\___ | '_ | '_| | '_ \/ _` | \ \ \ \
 \\/  ___)| |_)| | | | | || (_| |  ) ) ) )
  '  |____| .__|_| |_|_| |_\__, | / / / /
 =========|_|==============|___/=/_/_/_/
 :: Spring Boot ::        (v2.1.6.RELEASE)

2019-08-26 08:52:09.006  WARN 38281 --- [           main] ory$DuplicateJsonObjectContextCustomizer : 

Found multiple occurrences of org.json.JSONObject on the class path:

	jar:file:/Users/why/.m2/repository/com/vaadin/external/google/android-json/0.0.20131108.vaadin1/android-json-0.0.20131108.vaadin1.jar!/org/json/JSONObject.class
	jar:file:/Users/why/.m2/repository/org/json/json/20160810/json-20160810.jar!/org/json/JSONObject.class

You may wish to exclude one of them to ensure predictable runtime behavior

2019-08-26 08:52:09.020  INFO 38281 --- [           main] c.scrm.why1139.service.UserServiceTest   : Starting UserServiceTest on shakushi.local with PID 38281 (/Users/why/Documents/GitHub/SCRM-Social_Retail_based_on_Face_Recognition/CodeManage/back-end/web-application/target/test-classes started by why in /Users/why/Documents/GitHub/SCRM-Social_Retail_based_on_Face_Recognition/CodeManage/back-end/web-application)
2019-08-26 08:52:09.021  INFO 38281 --- [           main] c.scrm.why1139.service.UserServiceTest   : No active profile set, falling back to default profiles: default
2019-08-26 08:52:10.387  INFO 38281 --- [           main] trationDelegate$BeanPostProcessorChecker : Bean 'org.springframework.hateoas.config.HateoasConfiguration' of type [org.springframework.hateoas.config.HateoasConfiguration$$EnhancerBySpringCGLIB$$a1f2fb71] is not eligible for getting processed by all BeanPostProcessors (for example: not eligible for auto-proxying)
2019-08-26 08:52:10.397  INFO 38281 --- [           main] trationDelegate$BeanPostProcessorChecker : Bean 'org.springframework.transaction.annotation.ProxyTransactionManagementConfiguration' of type [org.springframework.transaction.annotation.ProxyTransactionManagementConfiguration$$EnhancerBySpringCGLIB$$2272ae3f] is not eligible for getting processed by all BeanPostProcessors (for example: not eligible for auto-proxying)
2019-08-26 08:52:11.810  INFO 38281 --- [           main] o.s.s.concurrent.ThreadPoolTaskExecutor  : Initializing ExecutorService 'applicationTaskExecutor'
2019-08-26 08:52:12.461  INFO 38281 --- [           main] c.scrm.why1139.service.UserServiceTest   : Started UserServiceTest in 3.702 seconds (JVM running for 4.554)
2019-08-26 08:52:12.505  INFO 38281 --- [           main] com.zaxxer.hikari.HikariDataSource       : HikariPool-1 - Starting...
2019-08-26 08:52:12.864  INFO 38281 --- [           main] com.zaxxer.hikari.HikariDataSource       : HikariPool-1 - Start completed.
2019-08-26 08:52:12.869  INFO 38281 --- [           main] o.s.t.c.transaction.TransactionContext   : Began transaction (1) for test context [DefaultTestContext@6d3c5255 testClass = UserServiceTest, testInstance = com.scrm.why1139.service.UserServiceTest@4f9a2c08, testMethod = hasMatchUser@UserServiceTest, testException = [null], mergedContextConfiguration = [WebMergedContextConfiguration@b1712f3 testClass = UserServiceTest, locations = '{}', classes = '{class com.scrm.why1139.WebApplication}', contextInitializerClasses = '[]', activeProfiles = '{}', propertySourceLocations = '{}', propertySourceProperties = '{org.springframework.boot.test.context.SpringBootTestContextBootstrapper=true}', contextCustomizers = set[org.springframework.boot.test.context.filter.ExcludeFilterContextCustomizer@4d154ccd, org.springframework.boot.test.json.DuplicateJsonObjectContextCustomizerFactory$DuplicateJsonObjectContextCustomizer@1e0b4072, org.springframework.boot.test.mock.mockito.MockitoContextCustomizer@0, org.springframework.boot.test.web.client.TestRestTemplateContextCustomizer@54c5a2ff, org.springframework.boot.test.autoconfigure.properties.PropertyMappingContextCustomizer@0, org.springframework.boot.test.autoconfigure.web.servlet.WebDriverContextCustomizerFactory$Customizer@3b0fe47a], resourceBasePath = 'src/main/webapp', contextLoader = 'org.springframework.boot.test.context.SpringBootContextLoader', parent = [null]], attributes = map['org.springframework.test.context.web.ServletTestExecutionListener.activateListener' -> true, 'org.springframework.test.context.web.ServletTestExecutionListener.populatedRequestContextHolder' -> true, 'org.springframework.test.context.web.ServletTestExecutionListener.resetRequestContextHolder' -> true]]; transaction manager [org.springframework.jdbc.datasource.DataSourceTransactionManager@77d0dbba]; rollback [false]
2019-08-26 08:52:12.873  WARN 38281 --- [           main] o.s.test.context.TestContextManager      : Caught exception while invoking 'beforeTestMethod' callback on TestExecutionListener [org.springframework.test.context.transaction.TransactionalTestExecutionListener@36328d33] for test method [public void com.scrm.why1139.service.UserServiceTest.hasMatchUser()] and test instance [com.scrm.why1139.service.UserServiceTest@4f9a2c08]

java.lang.IllegalStateException: Cannot start new transaction without ending existing transaction
	at org.springframework.util.Assert.state(Assert.java:73) ~[spring-core-5.1.8.RELEASE.jar:5.1.8.RELEASE]
	at org.springframework.test.context.transaction.TransactionalTestExecutionListener.beforeTestMethod(TransactionalTestExecutionListener.java:166) ~[spring-test-5.1.8.RELEASE.jar:5.1.8.RELEASE]
	at org.springframework.test.context.TestContextManager.beforeTestMethod(TestContextManager.java:291) ~[spring-test-5.1.8.RELEASE.jar:5.1.8.RELEASE]
	at org.springframework.test.context.testng.AbstractTestNGSpringContextTests.springTestContextBeforeTestMethod(AbstractTestNGSpringContextTests.java:157) ~[spring-test-5.1.8.RELEASE.jar:5.1.8.RELEASE]
	at java.base/jdk.internal.reflect.NativeMethodAccessorImpl.invoke0(Native Method) ~[na:na]
	at java.base/jdk.internal.reflect.NativeMethodAccessorImpl.invoke(NativeMethodAccessorImpl.java:62) ~[na:na]
	at java.base/jdk.internal.reflect.DelegatingMethodAccessorImpl.invoke(DelegatingMethodAccessorImpl.java:43) ~[na:na]
	at java.base/java.lang.reflect.Method.invoke(Method.java:566) ~[na:na]
	at org.testng.internal.MethodInvocationHelper.invokeMethod(MethodInvocationHelper.java:124) ~[testng-6.14.3.jar:na]
	at org.testng.internal.MethodInvocationHelper.invokeMethodConsideringTimeout(MethodInvocationHelper.java:59) ~[testng-6.14.3.jar:na]
	at org.testng.internal.Invoker.invokeConfigurationMethod(Invoker.java:458) ~[testng-6.14.3.jar:na]
	at org.testng.internal.Invoker.invokeConfigurations(Invoker.java:222) ~[testng-6.14.3.jar:na]
	at org.testng.internal.Invoker.invokeMethod(Invoker.java:523) ~[testng-6.14.3.jar:na]
	at org.testng.internal.Invoker.invokeTestMethod(Invoker.java:719) ~[testng-6.14.3.jar:na]
	at org.testng.internal.Invoker.invokeTestMethods(Invoker.java:989) ~[testng-6.14.3.jar:na]
	at org.testng.internal.TestMethodWorker.invokeTestMethods(TestMethodWorker.java:125) ~[testng-6.14.3.jar:na]
	at org.testng.internal.TestMethodWorker.run(TestMethodWorker.java:109) ~[testng-6.14.3.jar:na]
	at org.testng.TestRunner.privateRun(TestRunner.java:648) ~[testng-6.14.3.jar:na]
	at org.testng.TestRunner.run(TestRunner.java:505) ~[testng-6.14.3.jar:na]
	at org.testng.SuiteRunner.runTest(SuiteRunner.java:455) ~[testng-6.14.3.jar:na]
	at org.testng.SuiteRunner.runSequentially(SuiteRunner.java:450) ~[testng-6.14.3.jar:na]
	at org.testng.SuiteRunner.privateRun(SuiteRunner.java:415) ~[testng-6.14.3.jar:na]
	at org.testng.SuiteRunner.run(SuiteRunner.java:364) ~[testng-6.14.3.jar:na]
	at org.testng.SuiteRunnerWorker.runSuite(SuiteRunnerWorker.java:52) ~[testng-6.14.3.jar:na]
	at org.testng.SuiteRunnerWorker.run(SuiteRunnerWorker.java:84) ~[testng-6.14.3.jar:na]
	at org.testng.TestNG.runSuitesSequentially(TestNG.java:1208) ~[testng-6.14.3.jar:na]
	at org.testng.TestNG.runSuitesLocally(TestNG.java:1137) ~[testng-6.14.3.jar:na]
	at org.testng.TestNG.runSuites(TestNG.java:1049) ~[testng-6.14.3.jar:na]
	at org.testng.TestNG.run(TestNG.java:1017) ~[testng-6.14.3.jar:na]
	at org.apache.maven.surefire.testng.TestNGExecutor.run(TestNGExecutor.java:135) ~[surefire-testng-2.22.2.jar:2.22.2]
	at org.apache.maven.surefire.testng.TestNGDirectoryTestSuite.executeMulti(TestNGDirectoryTestSuite.java:193) ~[surefire-testng-2.22.2.jar:2.22.2]
	at org.apache.maven.surefire.testng.TestNGDirectoryTestSuite.execute(TestNGDirectoryTestSuite.java:94) ~[surefire-testng-2.22.2.jar:2.22.2]
	at org.apache.maven.surefire.testng.TestNGProvider.invoke(TestNGProvider.java:146) ~[surefire-testng-2.22.2.jar:2.22.2]
	at org.apache.maven.surefire.booter.ForkedBooter.invokeProviderInSameClassLoader(ForkedBooter.java:384) ~[surefire-booter-2.22.2.jar:2.22.2]
	at org.apache.maven.surefire.booter.ForkedBooter.runSuitesInProcess(ForkedBooter.java:345) ~[surefire-booter-2.22.2.jar:2.22.2]
	at org.apache.maven.surefire.booter.ForkedBooter.execute(ForkedBooter.java:126) ~[surefire-booter-2.22.2.jar:2.22.2]
	at org.apache.maven.surefire.booter.ForkedBooter.main(ForkedBooter.java:418) ~[surefire-booter-2.22.2.jar:2.22.2]

]]></system-out>
  </testcase>
  <testcase name="hasMatchUser" classname="com.scrm.why1139.service.UserServiceTest" time="0">
    <skipped message="Cannot start new transaction without ending existing transaction"/>
  </testcase>
  <testcase name="contextLoads on contextLoads(com.scrm.why1139.webapplication.WebApplicationTests)" classname="com.scrm.why1139.webapplication.WebApplicationTests" time="0.501"/>
</testsuite>