<?xml version="1.0" encoding="UTF-8"?>
<testng-results ignored="0" total="1" passed="1" failed="0" skipped="0">
  <reporter-output>
  </reporter-output>
  <suite started-at="2019-08-26T00:52:12Z" name="Surefire suite" finished-at="2019-08-26T00:52:13Z" duration-ms="584">
    <groups>
    </groups>
    <test started-at="2019-08-26T00:52:12Z" name="Surefire test" finished-at="2019-08-26T00:52:13Z" duration-ms="584">
      <class name="com.scrm.why1139.webapplication.WebApplicationTests">
        <test-method signature="contextLoads()" started-at="2019-08-26T00:52:13Z" name="contextLoads" finished-at="2019-08-26T00:52:13Z" duration-ms="521" status="PASS">
          <reporter-output>
          </reporter-output>
        </test-method> <!-- contextLoads -->
      </class> <!-- com.scrm.why1139.webapplication.WebApplicationTests -->
    </test> <!-- Surefire test -->
  </suite> <!-- Surefire suite -->
</testng-results>
