<?xml version="1.0" encoding="UTF-8"?>
<!-- Generated by org.testng.reporters.JUnitXMLReporter -->
<testsuite ignored="0" hostname="shakushi.local" failures="0" tests="1" name="Surefire test" time="4.175" errors="0" timestamp="26 8月 2019 00:52:12 GMT">
  <testcase classname="org.springframework.test.context.testng.AbstractTestNGSpringContextTests" name="@BeforeMethod springTestContextBeforeTestMethod" time="0.38">
    <failure type="java.lang.IllegalStateException" message="Cannot start new transaction without ending existing transaction">
      <![CDATA[java.lang.IllegalStateException: Cannot start new transaction without ending existing transaction
at org.springframework.util.Assert.state(Assert.java:73)
at org.springframework.test.context.transaction.TransactionalTestExecutionListener.beforeTestMethod(TransactionalTestExecutionListener.java:166)
at org.springframework.test.context.TestContextManager.beforeTestMethod(TestContextManager.java:291)
at org.springframework.test.context.testng.AbstractTestNGSpringContextTests.springTestContextBeforeTestMethod(AbstractTestNGSpringContextTests.java:157)
... Removed 33 stack frames]]>
    </failure>
  </testcase> <!-- @BeforeMethod springTestContextBeforeTestMethod -->
  <testcase classname="com.scrm.why1139.service.UserServiceTest" name="hasMatchUser" time="0.0">
    <skipped/>
  </testcase> <!-- hasMatchUser -->
</testsuite> <!-- Surefire test -->
